17:49:32 **** Incremental Build of configuration Debug for project trabajopractico1 ****
Info: Internal Builder is used for build
gcc -O0 -g3 -Wall -c -fmessage-length=0 -o "src\\main.o" "..\\src\\main.c" 
gcc -o trabajopractico1.exe "src\\descuento_aumento.o" "src\\funciones_tp1.o" "src\\ingreso_de_datos.o" "src\\main.o" 
Info: Nothing to build for trabajopractico1
Info: Nothing to build for trabajopractico1
17:51:24 **** Incremental Build of configuration Debug for project trabajopractico1 ****
Info: Internal Builder is used for build
gcc -O0 -g3 -Wall -c -fmessage-length=0 -o "src\\main.o" "..\\src\\main.c" 
..\src\main.c: En la función 'main':
..\src\main.c:75:14: aviso: formato '%d' espera un argumento de tipo 'int *', pero el argumento 2 es de tipo 'float *' [-Wformat=]
      scanf("%d", &y);
              ^
..\src\main.c:78:14: aviso: formato '%d' espera un argumento de tipo 'int *', pero el argumento 2 es de tipo 'float *' [-Wformat=]
      scanf("%d", &z);
              ^
gcc -o trabajopractico1.exe "src\\descuento_aumento.o" "src\\funciones_tp1.o" "src\\ingreso_de_datos.o" "src\\main.o" 
c:/mingw/bin/../lib/gcc/mingw32/6.3.0/../../../../mingw32/bin/ld.exe: cannot open output file trabajopractico1.exe: Permission denied
collect2.exe: error: ld devolvió el estado de salida 1
17:51:26 **** Incremental Build of configuration Debug for project trabajopractico1 ****
Info: Internal Builder is used for build
gcc -o trabajopractico1.exe "src\\descuento_aumento.o" "src\\funciones_tp1.o" "src\\ingreso_de_datos.o" "src\\main.o" 
18:00:46 **** Incremental Build of configuration Debug for project trabajopractico1 ****
Info: Internal Builder is used for build
gcc -O0 -g3 -Wall -c -fmessage-length=0 -o "src\\ingreso_de_datos.o" "..\\src\\ingreso_de_datos.c" 
gcc -O0 -g3 -Wall -c -fmessage-length=0 -o "src\\main.o" "..\\src\\main.c" 
..\src\main.c: En la función 'main':
..\src\main.c:73:14: aviso: formato '%d' espera un argumento de tipo 'int *', pero el argumento 2 es de tipo 'float *' [-Wformat=]
      scanf("%d", &y);
              ^
..\src\main.c:76:14: aviso: formato '%d' espera un argumento de tipo 'int *', pero el argumento 2 es de tipo 'float *' [-Wformat=]
      scanf("%d", &z);
              ^
gcc -o trabajopractico1.exe "src\\descuento_aumento.o" "src\\funciones_tp1.o" "src\\ingreso_de_datos.o" "src\\main.o" 
c:/mingw/bin/../lib/gcc/mingw32/6.3.0/../../../../mingw32/bin/ld.exe: cannot open output file trabajopractico1.exe: Permission denied
collect2.exe: error: ld devolvió el estado de salida 1
18:01:24 **** Incremental Build of configuration Debug for project trabajopractico1 ****
Info: Internal Builder is used for build
gcc -O0 -g3 -Wall -c -fmessage-length=0 -o "src\\main.o" "..\\src\\main.c" 
gcc -o trabajopractico1.exe "src\\descuento_aumento.o" "src\\funciones_tp1.o" "src\\ingreso_de_datos.o" "src\\main.o" 
c:/mingw/bin/../lib/gcc/mingw32/6.3.0/../../../../mingw32/bin/ld.exe: cannot open output file trabajopractico1.exe: Permission denied
collect2.exe: error: ld devolvió el estado de salida 1
18:01:26 **** Incremental Build of configuration Debug for project trabajopractico1 ****
Info: Internal Builder is used for build
gcc -o trabajopractico1.exe "src\\descuento_aumento.o" "src\\funciones_tp1.o" "src\\ingreso_de_datos.o" "src\\main.o" 
18:06:45 **** Incremental Build of configuration Debug for project trabajopractico1 ****
Info: Internal Builder is used for build
gcc -O0 -g3 -Wall -c -fmessage-length=0 -o "src\\ingreso_de_datos.o" "..\\src\\ingreso_de_datos.c" 
gcc -O0 -g3 -Wall -c -fmessage-length=0 -o "src\\main.o" "..\\src\\main.c" 
..\src\main.c: En la función 'main':
..\src\main.c:62:9: error: demasiados argumentos para la función 'get_FlotantePositivo'
     x = get_FlotantePositivo("Ingrese Kilómetros: ", "ERROR: Ingrese un valor de kilómetros válido (MAYOR A 0): ");
         ^~~~~~~~~~~~~~~~~~~~
In file included from ..\src\main.c:14:0:
..\src\ingreso_de_datos.h:11:7: nota: se declara aquí
 float get_FlotantePositivo(char * mensaje);
       ^~~~~~~~~~~~~~~~~~~~
18:07:05 **** Incremental Build of configuration Debug for project trabajopractico1 ****
Info: Internal Builder is used for build
gcc -O0 -g3 -Wall -c -fmessage-length=0 -o "src\\main.o" "..\\src\\main.c" 
gcc -o trabajopractico1.exe "src\\descuento_aumento.o" "src\\funciones_tp1.o" "src\\ingreso_de_datos.o" "src\\main.o" 
c:/mingw/bin/../lib/gcc/mingw32/6.3.0/../../../../mingw32/bin/ld.exe: cannot open output file trabajopractico1.exe: Permission denied
collect2.exe: error: ld devolvió el estado de salida 1
18:07:07 **** Incremental Build of configuration Debug for project trabajopractico1 ****
Info: Internal Builder is used for build
gcc -o trabajopractico1.exe "src\\descuento_aumento.o" "src\\funciones_tp1.o" "src\\ingreso_de_datos.o" "src\\main.o" 
18:07:48 **** Incremental Build of configuration Debug for project trabajopractico1 ****
Info: Internal Builder is used for build
gcc -O0 -g3 -Wall -c -fmessage-length=0 -o "src\\main.o" "..\\src\\main.c" 
gcc -o trabajopractico1.exe "src\\descuento_aumento.o" "src\\funciones_tp1.o" "src\\ingreso_de_datos.o" "src\\main.o" 
c:/mingw/bin/../lib/gcc/mingw32/6.3.0/../../../../mingw32/bin/ld.exe: cannot open output file trabajopractico1.exe: Permission denied
collect2.exe: error: ld devolvió el estado de salida 1
18:07:49 **** Incremental Build of configuration Debug for project trabajopractico1 ****
Info: Internal Builder is used for build
gcc -o trabajopractico1.exe "src\\descuento_aumento.o" "src\\funciones_tp1.o" "src\\ingreso_de_datos.o" "src\\main.o" 
18:10:21 **** Incremental Build of configuration Debug for project trabajopractico1 ****
Info: Internal Builder is used for build
gcc -O0 -g3 -Wall -c -fmessage-length=0 -o "src\\main.o" "..\\src\\main.c" 
gcc -o trabajopractico1.exe "src\\descuento_aumento.o" "src\\funciones_tp1.o" "src\\ingreso_de_datos.o" "src\\main.o" 
c:/mingw/bin/../lib/gcc/mingw32/6.3.0/../../../../mingw32/bin/ld.exe: cannot open output file trabajopractico1.exe: Permission denied
collect2.exe: error: ld devolvió el estado de salida 1
18:10:22 **** Incremental Build of configuration Debug for project trabajopractico1 ****
Info: Internal Builder is used for build
gcc -o trabajopractico1.exe "src\\descuento_aumento.o" "src\\funciones_tp1.o" "src\\ingreso_de_datos.o" "src\\main.o" 
18:10:31 **** Incremental Build of configuration Debug for project trabajopractico1 ****
Info: Internal Builder is used for build
gcc -O0 -g3 -Wall -c -fmessage-length=0 -o "src\\main.o" "..\\src\\main.c" 
gcc -o trabajopractico1.exe "src\\descuento_aumento.o" "src\\funciones_tp1.o" "src\\ingreso_de_datos.o" "src\\main.o" 
c:/mingw/bin/../lib/gcc/mingw32/6.3.0/../../../../mingw32/bin/ld.exe: cannot open output file trabajopractico1.exe: Permission denied
collect2.exe: error: ld devolvió el estado de salida 1
18:10:32 **** Incremental Build of configuration Debug for project trabajopractico1 ****
Info: Internal Builder is used for build
gcc -o trabajopractico1.exe "src\\descuento_aumento.o" "src\\funciones_tp1.o" "src\\ingreso_de_datos.o" "src\\main.o" 
18:11:17 **** Incremental Build of configuration Debug for project trabajopractico1 ****
Info: Internal Builder is used for build
gcc -O0 -g3 -Wall -c -fmessage-length=0 -o "src\\main.o" "..\\src\\main.c" 
gcc -o trabajopractico1.exe "src\\descuento_aumento.o" "src\\funciones_tp1.o" "src\\ingreso_de_datos.o" "src\\main.o" 
c:/mingw/bin/../lib/gcc/mingw32/6.3.0/../../../../mingw32/bin/ld.exe: cannot open output file trabajopractico1.exe: Permission denied
collect2.exe: error: ld devolvió el estado de salida 1
18:11:18 **** Incremental Build of configuration Debug for project trabajopractico1 ****
Info: Internal Builder is used for build
gcc -o trabajopractico1.exe "src\\descuento_aumento.o" "src\\funciones_tp1.o" "src\\ingreso_de_datos.o" "src\\main.o" 
18:11:33 **** Incremental Build of configuration Debug for project trabajopractico1 ****
Info: Internal Builder is used for build
gcc -O0 -g3 -Wall -c -fmessage-length=0 -o "src\\main.o" "..\\src\\main.c" 
gcc -o trabajopractico1.exe "src\\descuento_aumento.o" "src\\funciones_tp1.o" "src\\ingreso_de_datos.o" "src\\main.o" 
c:/mingw/bin/../lib/gcc/mingw32/6.3.0/../../../../mingw32/bin/ld.exe: cannot open output file trabajopractico1.exe: Permission denied
collect2.exe: error: ld devolvió el estado de salida 1
18:11:34 **** Incremental Build of configuration Debug for project trabajopractico1 ****
Info: Internal Builder is used for build
gcc -o trabajopractico1.exe "src\\descuento_aumento.o" "src\\funciones_tp1.o" "src\\ingreso_de_datos.o" "src\\main.o" 
18:11:54 **** Incremental Build of configuration Debug for project trabajopractico1 ****
Info: Internal Builder is used for build
gcc -O0 -g3 -Wall -c -fmessage-length=0 -o "src\\main.o" "..\\src\\main.c" 
gcc -o trabajopractico1.exe "src\\descuento_aumento.o" "src\\funciones_tp1.o" "src\\ingreso_de_datos.o" "src\\main.o" 
c:/mingw/bin/../lib/gcc/mingw32/6.3.0/../../../../mingw32/bin/ld.exe: cannot open output file trabajopractico1.exe: Permission denied
collect2.exe: error: ld devolvió el estado de salida 1
18:11:55 **** Incremental Build of configuration Debug for project trabajopractico1 ****
Info: Internal Builder is used for build
gcc -o trabajopractico1.exe "src\\descuento_aumento.o" "src\\funciones_tp1.o" "src\\ingreso_de_datos.o" "src\\main.o" 
18:13:53 **** Incremental Build of configuration Debug for project trabajopractico1 ****
Info: Internal Builder is used for build
gcc -O0 -g3 -Wall -c -fmessage-length=0 -o "src\\main.o" "..\\src\\main.c" 
gcc -o trabajopractico1.exe "src\\descuento_aumento.o" "src\\funciones_tp1.o" "src\\ingreso_de_datos.o" "src\\main.o" 
c:/mingw/bin/../lib/gcc/mingw32/6.3.0/../../../../mingw32/bin/ld.exe: cannot open output file trabajopractico1.exe: Permission denied
collect2.exe: error: ld devolvió el estado de salida 1
18:13:55 **** Incremental Build of configuration Debug for project trabajopractico1 ****
Info: Internal Builder is used for build
gcc -o trabajopractico1.exe "src\\descuento_aumento.o" "src\\funciones_tp1.o" "src\\ingreso_de_datos.o" "src\\main.o" 
18:17:43 **** Incremental Build of configuration Debug for project trabajopractico1 ****
Info: Internal Builder is used for build
gcc -O0 -g3 -Wall -c -fmessage-length=0 -o "src\\main.o" "..\\src\\main.c" 
gcc -o trabajopractico1.exe "src\\descuento_aumento.o" "src\\funciones_tp1.o" "src\\ingreso_de_datos.o" "src\\main.o" 
c:/mingw/bin/../lib/gcc/mingw32/6.3.0/../../../../mingw32/bin/ld.exe: cannot open output file trabajopractico1.exe: Permission denied
collect2.exe: error: ld devolvió el estado de salida 1
18:17:45 **** Incremental Build of configuration Debug for project trabajopractico1 ****
Info: Internal Builder is used for build
gcc -o trabajopractico1.exe "src\\descuento_aumento.o" "src\\funciones_tp1.o" "src\\ingreso_de_datos.o" "src\\main.o" 
18:18:12 **** Incremental Build of configuration Debug for project trabajopractico1 ****
Info: Internal Builder is used for build
gcc -O0 -g3 -Wall -c -fmessage-length=0 -o "src\\main.o" "..\\src\\main.c" 
gcc -o trabajopractico1.exe "src\\descuento_aumento.o" "src\\funciones_tp1.o" "src\\ingreso_de_datos.o" "src\\main.o" 
c:/mingw/bin/../lib/gcc/mingw32/6.3.0/../../../../mingw32/bin/ld.exe: cannot open output file trabajopractico1.exe: Permission denied
collect2.exe: error: ld devolvió el estado de salida 1
18:18:12 **** Incremental Build of configuration Debug for project trabajopractico1 ****
Info: Internal Builder is used for build
gcc -o trabajopractico1.exe "src\\descuento_aumento.o" "src\\funciones_tp1.o" "src\\ingreso_de_datos.o" "src\\main.o" 
18:18:29 **** Incremental Build of configuration Debug for project trabajopractico1 ****
Info: Internal Builder is used for build
gcc -O0 -g3 -Wall -c -fmessage-length=0 -o "src\\main.o" "..\\src\\main.c" 
gcc -o trabajopractico1.exe "src\\descuento_aumento.o" "src\\funciones_tp1.o" "src\\ingreso_de_datos.o" "src\\main.o" 
Info: Nothing to build for trabajopractico1
18:20:45 **** Incremental Build of configuration Debug for project trabajopractico1 ****
Info: Internal Builder is used for build
gcc -O0 -g3 -Wall -c -fmessage-length=0 -o "src\\main.o" "..\\src\\main.c" 
..\src\main.c: En la función 'main':
..\src\main.c:76:49: aviso: se desconoce el carácter de tipo de conversión ')' en el formato [-Wformat=]
     printf(" a) Tarjeta de débito (descuento 10%)\n b) Tarjeta de crédito (interés 25%)\n c) Bitcoin (1BTC -> 4606954.55 Pesos Argentinos)\n d) Mostrar precio por km (precio unitario)\n e) Mostrar diferencia de precio ingresada (Latam - Aerolíneas)\n");
                                                 ^
..\src\main.c:76:87: aviso: se desconoce el carácter de tipo de conversión ')' en el formato [-Wformat=]
     printf(" a) Tarjeta de débito (descuento 10%)\n b) Tarjeta de crédito (interés 25%)\n c) Bitcoin (1BTC -> 4606954.55 Pesos Argentinos)\n d) Mostrar precio por km (precio unitario)\n e) Mostrar diferencia de precio ingresada (Latam - Aerolíneas)\n");
                                                                                       ^
gcc -o trabajopractico1.exe "src\\descuento_aumento.o" "src\\funciones_tp1.o" "src\\ingreso_de_datos.o" "src\\main.o" 
c:/mingw/bin/../lib/gcc/mingw32/6.3.0/../../../../mingw32/bin/ld.exe: cannot open output file trabajopractico1.exe: Permission denied
collect2.exe: error: ld devolvió el estado de salida 1
18:22:08 **** Incremental Build of configuration Debug for project trabajopractico1 ****
Info: Internal Builder is used for build
gcc -O0 -g3 -Wall -c -fmessage-length=0 -o "src\\main.o" "..\\src\\main.c" 
gcc -o trabajopractico1.exe "src\\descuento_aumento.o" "src\\funciones_tp1.o" "src\\ingreso_de_datos.o" "src\\main.o" 
c:/mingw/bin/../lib/gcc/mingw32/6.3.0/../../../../mingw32/bin/ld.exe: cannot open output file trabajopractico1.exe: Permission denied
collect2.exe: error: ld devolvió el estado de salida 1
18:22:10 **** Incremental Build of configuration Debug for project trabajopractico1 ****
Info: Internal Builder is used for build
gcc -o trabajopractico1.exe "src\\descuento_aumento.o" "src\\funciones_tp1.o" "src\\ingreso_de_datos.o" "src\\main.o" 
18:22:33 **** Incremental Build of configuration Debug for project trabajopractico1 ****
Info: Internal Builder is used for build
gcc -O0 -g3 -Wall -c -fmessage-length=0 -o "src\\main.o" "..\\src\\main.c" 
gcc -o trabajopractico1.exe "src\\descuento_aumento.o" "src\\funciones_tp1.o" "src\\ingreso_de_datos.o" "src\\main.o" 
c:/mingw/bin/../lib/gcc/mingw32/6.3.0/../../../../mingw32/bin/ld.exe: cannot open output file trabajopractico1.exe: Permission denied
collect2.exe: error: ld devolvió el estado de salida 1
18:22:34 **** Incremental Build of configuration Debug for project trabajopractico1 ****
Info: Internal Builder is used for build
gcc -o trabajopractico1.exe "src\\descuento_aumento.o" "src\\funciones_tp1.o" "src\\ingreso_de_datos.o" "src\\main.o" 
18:24:28 **** Incremental Build of configuration Debug for project trabajopractico1 ****
Info: Internal Builder is used for build
gcc -O0 -g3 -Wall -c -fmessage-length=0 -o "src\\main.o" "..\\src\\main.c" 
gcc -o trabajopractico1.exe "src\\descuento_aumento.o" "src\\funciones_tp1.o" "src\\ingreso_de_datos.o" "src\\main.o" 
c:/mingw/bin/../lib/gcc/mingw32/6.3.0/../../../../mingw32/bin/ld.exe: cannot open output file trabajopractico1.exe: Permission denied
collect2.exe: error: ld devolvió el estado de salida 1
18:24:29 **** Incremental Build of configuration Debug for project trabajopractico1 ****
Info: Internal Builder is used for build
gcc -o trabajopractico1.exe "src\\descuento_aumento.o" "src\\funciones_tp1.o" "src\\ingreso_de_datos.o" "src\\main.o" 
18:25:55 **** Incremental Build of configuration Debug for project trabajopractico1 ****
Info: Internal Builder is used for build
gcc -O0 -g3 -Wall -c -fmessage-length=0 -o "src\\main.o" "..\\src\\main.c" 
..\src\main.c: En la función 'main':
..\src\main.c:98:5: aviso: puede ser que se utilice 'precioDiferencia' sin inicializar en esta función [-Wmaybe-uninitialized]
     mostrarCalculos(precioDebitoY, precioDebitoZ, precioCreditoY, precioCreditoZ, precioBitcoinY, precioBitcoinZ, precioUnitarioY, precioUnitarioZ, precioDiferencia);
     ^~~~~~~~~~~~~~~~~~~~~~~~~~~~~~~~~~~~~~~~~~~~~~~~~~~~~~~~~~~~~~~~~~~~~~~~~~~~~~~~~~~~~~~~~~~~~~~~~~~~~~~~~~~~~~~~~~~~~~~~~~~~~~~~~~~~~~~~~~~~~~~~~~~~~~~~~~~~~~~~~
gcc -o trabajopractico1.exe "src\\descuento_aumento.o" "src\\funciones_tp1.o" "src\\ingreso_de_datos.o" "src\\main.o" 
c:/mingw/bin/../lib/gcc/mingw32/6.3.0/../../../../mingw32/bin/ld.exe: cannot open output file trabajopractico1.exe: Permission denied
collect2.exe: error: ld devolvió el estado de salida 1
18:26:39 **** Incremental Build of configuration Debug for project trabajopractico1 ****
Info: Internal Builder is used for build
gcc -O0 -g3 -Wall -c -fmessage-length=0 -o "src\\main.o" "..\\src\\main.c" 
gcc -o trabajopractico1.exe "src\\descuento_aumento.o" "src\\funciones_tp1.o" "src\\ingreso_de_datos.o" "src\\main.o" 
c:/mingw/bin/../lib/gcc/mingw32/6.3.0/../../../../mingw32/bin/ld.exe: cannot open output file trabajopractico1.exe: Permission denied
collect2.exe: error: ld devolvió el estado de salida 1
18:26:40 **** Incremental Build of configuration Debug for project trabajopractico1 ****
Info: Internal Builder is used for build
gcc -o trabajopractico1.exe "src\\descuento_aumento.o" "src\\funciones_tp1.o" "src\\ingreso_de_datos.o" "src\\main.o" 
18:28:26 **** Incremental Build of configuration Debug for project trabajopractico1 ****
Info: Internal Builder is used for build
gcc -O0 -g3 -Wall -c -fmessage-length=0 -o "src\\main.o" "..\\src\\main.c" 
gcc -O0 -g3 -Wall -c -fmessage-length=0 -o "src\\funciones_tp1.o" "..\\src\\funciones_tp1.c" 
gcc -o trabajopractico1.exe "src\\descuento_aumento.o" "src\\funciones_tp1.o" "src\\ingreso_de_datos.o" "src\\main.o" 
c:/mingw/bin/../lib/gcc/mingw32/6.3.0/../../../../mingw32/bin/ld.exe: cannot open output file trabajopractico1.exe: Permission denied
collect2.exe: error: ld devolvió el estado de salida 1
18:28:28 **** Incremental Build of configuration Debug for project trabajopractico1 ****
Info: Internal Builder is used for build
gcc -o trabajopractico1.exe "src\\descuento_aumento.o" "src\\funciones_tp1.o" "src\\ingreso_de_datos.o" "src\\main.o" 
18:30:10 **** Incremental Build of configuration Debug for project trabajopractico1 ****
Info: Internal Builder is used for build
gcc -O0 -g3 -Wall -c -fmessage-length=0 -o "src\\descuento_aumento.o" "..\\src\\descuento_aumento.c" 
gcc -O0 -g3 -Wall -c -fmessage-length=0 -o "src\\funciones_tp1.o" "..\\src\\funciones_tp1.c" 
gcc -o trabajopractico1.exe "src\\descuento_aumento.o" "src\\funciones_tp1.o" "src\\ingreso_de_datos.o" "src\\main.o" 
c:/mingw/bin/../lib/gcc/mingw32/6.3.0/../../../../mingw32/bin/ld.exe: cannot open output file trabajopractico1.exe: Permission denied
collect2.exe: error: ld devolvió el estado de salida 1
18:30:15 **** Incremental Build of configuration Debug for project trabajopractico1 ****
Info: Internal Builder is used for build
gcc -o trabajopractico1.exe "src\\descuento_aumento.o" "src\\funciones_tp1.o" "src\\ingreso_de_datos.o" "src\\main.o" 
18:31:10 **** Incremental Build of configuration Debug for project trabajopractico1 ****
Info: Internal Builder is used for build
gcc -O0 -g3 -Wall -c -fmessage-length=0 -o "src\\main.o" "..\\src\\main.c" 
gcc -o trabajopractico1.exe "src\\descuento_aumento.o" "src\\funciones_tp1.o" "src\\ingreso_de_datos.o" "src\\main.o" 
c:/mingw/bin/../lib/gcc/mingw32/6.3.0/../../../../mingw32/bin/ld.exe: cannot open output file trabajopractico1.exe: Permission denied
collect2.exe: error: ld devolvió el estado de salida 1
18:31:11 **** Incremental Build of configuration Debug for project trabajopractico1 ****
Info: Internal Builder is used for build
gcc -o trabajopractico1.exe "src\\descuento_aumento.o" "src\\funciones_tp1.o" "src\\ingreso_de_datos.o" "src\\main.o" 
18:32:54 **** Incremental Build of configuration Debug for project trabajopractico1 ****
Info: Internal Builder is used for build
gcc -O0 -g3 -Wall -c -fmessage-length=0 -o "src\\funciones_tp1.o" "..\\src\\funciones_tp1.c" 
gcc -o trabajopractico1.exe "src\\descuento_aumento.o" "src\\funciones_tp1.o" "src\\ingreso_de_datos.o" "src\\main.o" 
c:/mingw/bin/../lib/gcc/mingw32/6.3.0/../../../../mingw32/bin/ld.exe: cannot open output file trabajopractico1.exe: Permission denied
collect2.exe: error: ld devolvió el estado de salida 1
18:32:55 **** Incremental Build of configuration Debug for project trabajopractico1 ****
Info: Internal Builder is used for build
gcc -o trabajopractico1.exe "src\\descuento_aumento.o" "src\\funciones_tp1.o" "src\\ingreso_de_datos.o" "src\\main.o" 
18:33:53 **** Incremental Build of configuration Debug for project trabajopractico1 ****
Info: Internal Builder is used for build
gcc -O0 -g3 -Wall -c -fmessage-length=0 -o "src\\funciones_tp1.o" "..\\src\\funciones_tp1.c" 
gcc -o trabajopractico1.exe "src\\descuento_aumento.o" "src\\funciones_tp1.o" "src\\ingreso_de_datos.o" "src\\main.o" 
c:/mingw/bin/../lib/gcc/mingw32/6.3.0/../../../../mingw32/bin/ld.exe: cannot open output file trabajopractico1.exe: Permission denied
collect2.exe: error: ld devolvió el estado de salida 1
18:33:54 **** Incremental Build of configuration Debug for project trabajopractico1 ****
Info: Internal Builder is used for build
gcc -o trabajopractico1.exe "src\\descuento_aumento.o" "src\\funciones_tp1.o" "src\\ingreso_de_datos.o" "src\\main.o" 
18:34:50 **** Incremental Build of configuration Debug for project trabajopractico1 ****
Info: Internal Builder is used for build
gcc -O0 -g3 -Wall -c -fmessage-length=0 -o "src\\funciones_tp1.o" "..\\src\\funciones_tp1.c" 
gcc -o trabajopractico1.exe "src\\descuento_aumento.o" "src\\funciones_tp1.o" "src\\ingreso_de_datos.o" "src\\main.o" 
c:/mingw/bin/../lib/gcc/mingw32/6.3.0/../../../../mingw32/bin/ld.exe: cannot open output file trabajopractico1.exe: Permission denied
collect2.exe: error: ld devolvió el estado de salida 1
18:34:51 **** Incremental Build of configuration Debug for project trabajopractico1 ****
Info: Internal Builder is used for build
gcc -o trabajopractico1.exe "src\\descuento_aumento.o" "src\\funciones_tp1.o" "src\\ingreso_de_datos.o" "src\\main.o" 
18:37:27 **** Incremental Build of configuration Debug for project trabajopractico1 ****
Info: Internal Builder is used for build
gcc -O0 -g3 -Wall -c -fmessage-length=0 -o "src\\main.o" "..\\src\\main.c" 
gcc -o trabajopractico1.exe "src\\descuento_aumento.o" "src\\funciones_tp1.o" "src\\ingreso_de_datos.o" "src\\main.o" 
c:/mingw/bin/../lib/gcc/mingw32/6.3.0/../../../../mingw32/bin/ld.exe: cannot open output file trabajopractico1.exe: Permission denied
collect2.exe: error: ld devolvió el estado de salida 1
18:37:28 **** Incremental Build of configuration Debug for project trabajopractico1 ****
Info: Internal Builder is used for build
gcc -o trabajopractico1.exe "src\\descuento_aumento.o" "src\\funciones_tp1.o" "src\\ingreso_de_datos.o" "src\\main.o" 
18:38:09 **** Incremental Build of configuration Debug for project trabajopractico1 ****
Info: Internal Builder is used for build
gcc -O0 -g3 -Wall -c -fmessage-length=0 -o "src\\main.o" "..\\src\\main.c" 
gcc -o trabajopractico1.exe "src\\descuento_aumento.o" "src\\funciones_tp1.o" "src\\ingreso_de_datos.o" "src\\main.o" 
Info: Nothing to build for trabajopractico1
Info: Nothing to build for trabajopractico1
12:14:13 **** Incremental Build of configuration Debug for project trabajopractico1 ****
Info: Internal Builder is used for build
gcc -O0 -g3 -Wall -c -fmessage-length=0 -o "src\\main.o" "..\\src\\main.c" 
gcc -O0 -g3 -Wall -c -fmessage-length=0 -o "src\\funciones_tp1.o" "..\\src\\funciones_tp1.c" 
gcc -o trabajopractico1.exe "src\\descuento_aumento.o" "src\\funciones_tp1.o" "src\\ingreso_de_datos.o" "src\\main.o" 
Info: Nothing to build for trabajopractico1
12:14:57 **** Incremental Build of configuration Debug for project trabajopractico1 ****
Info: Internal Builder is used for build
gcc -O0 -g3 -Wall -c -fmessage-length=0 -o "src\\funciones_tp1.o" "..\\src\\funciones_tp1.c" 
gcc -o trabajopractico1.exe "src\\descuento_aumento.o" "src\\funciones_tp1.o" "src\\ingreso_de_datos.o" "src\\main.o" 
c:/mingw/bin/../lib/gcc/mingw32/6.3.0/../../../../mingw32/bin/ld.exe: cannot open output file trabajopractico1.exe: Permission denied
collect2.exe: error: ld devolvió el estado de salida 1
12:14:58 **** Incremental Build of configuration Debug for project trabajopractico1 ****
Info: Internal Builder is used for build
gcc -o trabajopractico1.exe "src\\descuento_aumento.o" "src\\funciones_tp1.o" "src\\ingreso_de_datos.o" "src\\main.o" 
12:15:48 **** Incremental Build of configuration Debug for project trabajopractico1 ****
Info: Internal Builder is used for build
gcc -O0 -g3 -Wall -c -fmessage-length=0 -o "src\\funciones_tp1.o" "..\\src\\funciones_tp1.c" 
gcc -o trabajopractico1.exe "src\\descuento_aumento.o" "src\\funciones_tp1.o" "src\\ingreso_de_datos.o" "src\\main.o" 
c:/mingw/bin/../lib/gcc/mingw32/6.3.0/../../../../mingw32/bin/ld.exe: cannot open output file trabajopractico1.exe: Permission denied
collect2.exe: error: ld devolvió el estado de salida 1
12:15:49 **** Incremental Build of configuration Debug for project trabajopractico1 ****
Info: Internal Builder is used for build
gcc -o trabajopractico1.exe "src\\descuento_aumento.o" "src\\funciones_tp1.o" "src\\ingreso_de_datos.o" "src\\main.o" 
12:17:28 **** Incremental Build of configuration Debug for project trabajopractico1 ****
Info: Internal Builder is used for build
gcc -O0 -g3 -Wall -c -fmessage-length=0 -o "src\\funciones_tp1.o" "..\\src\\funciones_tp1.c" 
gcc -o trabajopractico1.exe "src\\descuento_aumento.o" "src\\funciones_tp1.o" "src\\ingreso_de_datos.o" "src\\main.o" 
c:/mingw/bin/../lib/gcc/mingw32/6.3.0/../../../../mingw32/bin/ld.exe: cannot open output file trabajopractico1.exe: Permission denied
collect2.exe: error: ld devolvió el estado de salida 1
12:17:29 **** Incremental Build of configuration Debug for project trabajopractico1 ****
Info: Internal Builder is used for build
gcc -o trabajopractico1.exe "src\\descuento_aumento.o" "src\\funciones_tp1.o" "src\\ingreso_de_datos.o" "src\\main.o" 
12:27:39 **** Incremental Build of configuration Debug for project trabajopractico1 ****
Info: Internal Builder is used for build
gcc -O0 -g3 -Wall -c -fmessage-length=0 -o "src\\main.o" "..\\src\\main.c" 
gcc -o trabajopractico1.exe "src\\descuento_aumento.o" "src\\funciones_tp1.o" "src\\ingreso_de_datos.o" "src\\main.o" 
c:/mingw/bin/../lib/gcc/mingw32/6.3.0/../../../../mingw32/bin/ld.exe: cannot open output file trabajopractico1.exe: Permission denied
collect2.exe: error: ld devolvió el estado de salida 1
12:27:40 **** Incremental Build of configuration Debug for project trabajopractico1 ****
Info: Internal Builder is used for build
gcc -o trabajopractico1.exe "src\\descuento_aumento.o" "src\\funciones_tp1.o" "src\\ingreso_de_datos.o" "src\\main.o" 
12:28:04 **** Incremental Build of configuration Debug for project trabajopractico1 ****
Info: Internal Builder is used for build
gcc -O0 -g3 -Wall -c -fmessage-length=0 -o "src\\main.o" "..\\src\\main.c" 
gcc -o trabajopractico1.exe "src\\descuento_aumento.o" "src\\funciones_tp1.o" "src\\ingreso_de_datos.o" "src\\main.o" 
c:/mingw/bin/../lib/gcc/mingw32/6.3.0/../../../../mingw32/bin/ld.exe: cannot open output file trabajopractico1.exe: Permission denied
collect2.exe: error: ld devolvió el estado de salida 1
12:28:06 **** Incremental Build of configuration Debug for project trabajopractico1 ****
Info: Internal Builder is used for build
gcc -o trabajopractico1.exe "src\\descuento_aumento.o" "src\\funciones_tp1.o" "src\\ingreso_de_datos.o" "src\\main.o" 
12:33:27 **** Incremental Build of configuration Debug for project trabajopractico1 ****
Info: Internal Builder is used for build
gcc -O0 -g3 -Wall -c -fmessage-length=0 -o "src\\main.o" "..\\src\\main.c" 
gcc -o trabajopractico1.exe "src\\descuento_aumento.o" "src\\funciones_tp1.o" "src\\ingreso_de_datos.o" "src\\main.o" 
c:/mingw/bin/../lib/gcc/mingw32/6.3.0/../../../../mingw32/bin/ld.exe: cannot open output file trabajopractico1.exe: Permission denied
collect2.exe: error: ld devolvió el estado de salida 1
12:33:28 **** Incremental Build of configuration Debug for project trabajopractico1 ****
Info: Internal Builder is used for build
gcc -o trabajopractico1.exe "src\\descuento_aumento.o" "src\\funciones_tp1.o" "src\\ingreso_de_datos.o" "src\\main.o" 
12:34:08 **** Incremental Build of configuration Debug for project trabajopractico1 ****
Info: Internal Builder is used for build
gcc -O0 -g3 -Wall -c -fmessage-length=0 -o "src\\main.o" "..\\src\\main.c" 
gcc -o trabajopractico1.exe "src\\descuento_aumento.o" "src\\funciones_tp1.o" "src\\ingreso_de_datos.o" "src\\main.o" 
c:/mingw/bin/../lib/gcc/mingw32/6.3.0/../../../../mingw32/bin/ld.exe: cannot open output file trabajopractico1.exe: Permission denied
collect2.exe: error: ld devolvió el estado de salida 1
12:34:09 **** Incremental Build of configuration Debug for project trabajopractico1 ****
Info: Internal Builder is used for build
gcc -o trabajopractico1.exe "src\\descuento_aumento.o" "src\\funciones_tp1.o" "src\\ingreso_de_datos.o" "src\\main.o" 
12:34:25 **** Incremental Build of configuration Debug for project trabajopractico1 ****
Info: Internal Builder is used for build
gcc -O0 -g3 -Wall -c -fmessage-length=0 -o "src\\main.o" "..\\src\\main.c" 
gcc -o trabajopractico1.exe "src\\descuento_aumento.o" "src\\funciones_tp1.o" "src\\ingreso_de_datos.o" "src\\main.o" 
Info: Nothing to build for trabajopractico1
14:48:53 **** Incremental Build of configuration Debug for project trabajopractico1 ****
Info: Internal Builder is used for build
gcc -O0 -g3 -Wall -c -fmessage-length=0 -o "src\\main.o" "..\\src\\main.c" 
..\src\main.c: En la función 'main':
..\src\main.c:83:42: error: 'descuentoDebito' no se declaró aquí (primer uso en esta función)
      precioDebitoY = aplicarDescuento(y, descuentoDebito);
                                          ^~~~~~~~~~~~~~~
..\src\main.c:83:42: nota: cada identificador sin declarar se reporta sólo una vez para cada función en el que aparece
..\src\main.c:84:41: error: 'aumentoCredito' no se declaró aquí (primer uso en esta función)
      precioCreditoY = aplicarAumento(y, aumentoCredito);
                                         ^~~~~~~~~~~~~~
..\src\main.c:85:40: error: 'valorBitcoin' no se declaró aquí (primer uso en esta función)
      precioBitcoinY = pesosABitcoin(y, valorBitcoin);
                                        ^~~~~~~~~~~~
14:49:39 **** Incremental Build of configuration Debug for project trabajopractico1 ****
Info: Internal Builder is used for build
gcc -O0 -g3 -Wall -c -fmessage-length=0 -o "src\\main.o" "..\\src\\main.c" 
..\src\main.c: En la función 'main':
..\src\main.c:15:28: error: expected ')' before ';' token
 #define DESCUENTO_DEBITO 10;
                            ^
..\src\main.c:83:42: nota: in expansion of macro 'DESCUENTO_DEBITO'
      precioDebitoY = aplicarDescuento(y, DESCUENTO_DEBITO);
                                          ^~~~~~~~~~~~~~~~
..\src\main.c:16:27: error: expected ')' before ';' token
 #define AUMENTO_CREDITO 25;
                           ^
..\src\main.c:84:41: nota: in expansion of macro 'AUMENTO_CREDITO'
      precioCreditoY = aplicarAumento(y, AUMENTO_CREDITO);
                                         ^~~~~~~~~~~~~~~
..\src\main.c:17:27: error: expected ')' before ';' token
 #define BITCOIN 4606954.55;
                           ^
..\src\main.c:85:40: nota: in expansion of macro 'BITCOIN'
      precioBitcoinY = pesosABitcoin(y, BITCOIN);
                                        ^~~~~~~
..\src\main.c:15:28: error: expected ')' before ';' token
 #define DESCUENTO_DEBITO 10;
                            ^
..\src\main.c:88:42: nota: in expansion of macro 'DESCUENTO_DEBITO'
      precioDebitoZ = aplicarDescuento(z, DESCUENTO_DEBITO);
                                          ^~~~~~~~~~~~~~~~
..\src\main.c:16:27: error: expected ')' before ';' token
 #define AUMENTO_CREDITO 25;
                           ^
..\src\main.c:89:41: nota: in expansion of macro 'AUMENTO_CREDITO'
      precioCreditoZ = aplicarAumento(z, AUMENTO_CREDITO);
                                         ^~~~~~~~~~~~~~~
..\src\main.c:17:27: error: expected ')' before ';' token
 #define BITCOIN 4606954.55;
                           ^
..\src\main.c:90:40: nota: in expansion of macro 'BITCOIN'
      precioBitcoinZ = pesosABitcoin(z, BITCOIN);
                                        ^~~~~~~
19:34:23 **** Incremental Build of configuration Debug for project trabajopractico1 ****
Info: Internal Builder is used for build
gcc -O0 -g3 -Wall -c -fmessage-length=0 -o "src\\main.o" "..\\src\\main.c" 
..\src\main.c: En la función 'main':
..\src\main.c:33:18: error: asignación de la variable de sólo lectura 'descuentoDebito'
  descuentoDebito = 10;
                  ^
..\src\main.c:34:17: error: asignación de la variable de sólo lectura 'aumentoCredito'
  aumentoCredito = 25;
                 ^
..\src\main.c:35:15: error: asignación de la variable de sólo lectura 'valorBitcoin'
  valorBitcoin = 4606954.55;
               ^
19:34:57 **** Incremental Build of configuration Debug for project trabajopractico1 ****
Info: Internal Builder is used for build
gcc -O0 -g3 -Wall -c -fmessage-length=0 -o "src\\main.o" "..\\src\\main.c" 
gcc -o trabajopractico1.exe "src\\descuento_aumento.o" "src\\funciones_tp1.o" "src\\ingreso_de_datos.o" "src\\main.o" 
Info: Nothing to build for trabajopractico1
20:18:46 **** Incremental Build of configuration Debug for project trabajopractico1 ****
Info: Internal Builder is used for build
gcc -O0 -g3 -Wall -c -fmessage-length=0 -o "src\\main.o" "..\\src\\main.c" 
gcc -o trabajopractico1.exe "src\\descuento_aumento.o" "src\\funciones_tp1.o" "src\\ingreso_de_datos.o" "src\\main.o" 
Info: Nothing to build for trabajopractico1
20:19:40 **** Incremental Build of configuration Debug for project trabajopractico1 ****
Info: Internal Builder is used for build
gcc -O0 -g3 -Wall -c -fmessage-length=0 -o "src\\main.o" "..\\src\\main.c" 
gcc -o trabajopractico1.exe "src\\descuento_aumento.o" "src\\funciones_tp1.o" "src\\ingreso_de_datos.o" "src\\main.o" 
Info: Nothing to build for trabajopractico1
20:20:05 **** Incremental Build of configuration Debug for project trabajopractico1 ****
Info: Internal Builder is used for build
gcc -O0 -g3 -Wall -c -fmessage-length=0 -o "src\\main.o" "..\\src\\main.c" 
gcc -o trabajopractico1.exe "src\\descuento_aumento.o" "src\\funciones_tp1.o" "src\\ingreso_de_datos.o" "src\\main.o" 
Info: Nothing to build for trabajopractico1
12:33:31 **** Incremental Build of configuration Debug for project trabajopractico1 ****
Info: Internal Builder is used for build
gcc -O0 -g3 -Wall -c -fmessage-length=0 -o "src\\main.o" "..\\src\\main.c" 
gcc -o trabajopractico1.exe "src\\descuento_aumento.o" "src\\funciones_tp1.o" "src\\ingreso_de_datos.o" "src\\main.o" 
Info: Nothing to build for trabajopractico1
12:35:08 **** Incremental Build of configuration Debug for project trabajopractico1 ****
Info: Internal Builder is used for build
gcc -O0 -g3 -Wall -c -fmessage-length=0 -o "src\\main.o" "..\\src\\main.c" 
gcc -o trabajopractico1.exe "src\\descuento_aumento.o" "src\\funciones_tp1.o" "src\\ingreso_de_datos.o" "src\\main.o" 
c:/mingw/bin/../lib/gcc/mingw32/6.3.0/../../../../mingw32/bin/ld.exe: cannot open output file trabajopractico1.exe: Permission denied
collect2.exe: error: ld devolvió el estado de salida 1
12:35:10 **** Incremental Build of configuration Debug for project trabajopractico1 ****
Info: Internal Builder is used for build
gcc -o trabajopractico1.exe "src\\descuento_aumento.o" "src\\funciones_tp1.o" "src\\ingreso_de_datos.o" "src\\main.o" 
12:35:34 **** Incremental Build of configuration Debug for project trabajopractico1 ****
Info: Internal Builder is used for build
gcc -O0 -g3 -Wall -c -fmessage-length=0 -o "src\\main.o" "..\\src\\main.c" 
gcc -o trabajopractico1.exe "src\\descuento_aumento.o" "src\\funciones_tp1.o" "src\\ingreso_de_datos.o" "src\\main.o" 
c:/mingw/bin/../lib/gcc/mingw32/6.3.0/../../../../mingw32/bin/ld.exe: cannot open output file trabajopractico1.exe: Permission denied
collect2.exe: error: ld devolvió el estado de salida 1
12:35:36 **** Incremental Build of configuration Debug for project trabajopractico1 ****
Info: Internal Builder is used for build
gcc -o trabajopractico1.exe "src\\descuento_aumento.o" "src\\funciones_tp1.o" "src\\ingreso_de_datos.o" "src\\main.o" 
12:45:16 **** Incremental Build of configuration Debug for project trabajopractico1 ****
Info: Internal Builder is used for build
gcc -O0 -g3 -Wall -c -fmessage-length=0 -o "src\\bibliotecaTP1.o" "..\\src\\bibliotecaTP1.c" 
gcc -O0 -g3 -Wall -c -fmessage-length=0 -o "src\\main.o" "..\\src\\main.c" 
gcc -o trabajopractico1.exe "src\\bibliotecaTP1.o" "src\\descuento_aumento.o" "src\\ingreso_de_datos.o" "src\\main.o" 
c:/mingw/bin/../lib/gcc/mingw32/6.3.0/../../../../mingw32/bin/ld.exe: cannot open output file trabajopractico1.exe: Permission denied
collect2.exe: error: ld devolvió el estado de salida 1
12:45:19 **** Incremental Build of configuration Debug for project trabajopractico1 ****
Info: Internal Builder is used for build
gcc -o trabajopractico1.exe "src\\bibliotecaTP1.o" "src\\descuento_aumento.o" "src\\ingreso_de_datos.o" "src\\main.o" 
12:46:49 **** Incremental Build of configuration Debug for project trabajopractico1 ****
Info: Internal Builder is used for build
gcc -O0 -g3 -Wall -c -fmessage-length=0 -o "src\\main.o" "..\\src\\main.c" 
gcc -o trabajopractico1.exe "src\\bibliotecaTP1.o" "src\\descuento_aumento.o" "src\\ingreso_de_datos.o" "src\\main.o" 
c:/mingw/bin/../lib/gcc/mingw32/6.3.0/../../../../mingw32/bin/ld.exe: cannot open output file trabajopractico1.exe: Permission denied
collect2.exe: error: ld devolvió el estado de salida 1
12:46:52 **** Incremental Build of configuration Debug for project trabajopractico1 ****
Info: Internal Builder is used for build
gcc -o trabajopractico1.exe "src\\bibliotecaTP1.o" "src\\descuento_aumento.o" "src\\ingreso_de_datos.o" "src\\main.o" 
13:07:22 **** Incremental Build of configuration Debug for project trabajopractico1 ****
Info: Internal Builder is used for build
gcc -O0 -g3 -Wall -c -fmessage-length=0 -o "src\\main.o" "..\\src\\main.c" 
gcc -o trabajopractico1.exe "src\\bibliotecaTP1.o" "src\\descuento_aumento.o" "src\\ingreso_de_datos.o" "src\\main.o" 
Info: Nothing to build for trabajopractico1
14:21:34 **** Incremental Build of configuration Debug for project trabajopractico1 ****
Info: Internal Builder is used for build
gcc -O0 -g3 -Wall -c -fmessage-length=0 -o "src\\main.o" "..\\src\\main.c" 
gcc -O0 -g3 -Wall -c -fmessage-length=0 -o "src\\descuento_aumento.o" "..\\src\\descuento_aumento.c" 
gcc -o trabajopractico1.exe "src\\bibliotecaTP1.o" "src\\descuento_aumento.o" "src\\ingreso_de_datos.o" "src\\main.o" 
Info: Nothing to build for trabajopractico1
14:22:05 **** Incremental Build of configuration Debug for project trabajopractico1 ****
Info: Internal Builder is used for build
gcc -O0 -g3 -Wall -c -fmessage-length=0 -o "src\\main.o" "..\\src\\main.c" 
gcc -o trabajopractico1.exe "src\\bibliotecaTP1.o" "src\\descuento_aumento.o" "src\\ingreso_de_datos.o" "src\\main.o" 
Info: Nothing to build for trabajopractico1
14:22:39 **** Incremental Build of configuration Debug for project trabajopractico1 ****
Info: Internal Builder is used for build
gcc -O0 -g3 -Wall -c -fmessage-length=0 -o "src\\main.o" "..\\src\\main.c" 
gcc -o trabajopractico1.exe "src\\bibliotecaTP1.o" "src\\descuento_aumento.o" "src\\ingreso_de_datos.o" "src\\main.o" 
Info: Nothing to build for trabajopractico1
14:23:07 **** Incremental Build of configuration Debug for project trabajopractico1 ****
Info: Internal Builder is used for build
gcc -O0 -g3 -Wall -c -fmessage-length=0 -o "src\\main.o" "..\\src\\main.c" 
gcc -o trabajopractico1.exe "src\\bibliotecaTP1.o" "src\\descuento_aumento.o" "src\\ingreso_de_datos.o" "src\\main.o" 
c:/mingw/bin/../lib/gcc/mingw32/6.3.0/../../../../mingw32/bin/ld.exe: cannot open output file trabajopractico1.exe: Permission denied
collect2.exe: error: ld devolvió el estado de salida 1
14:23:08 **** Incremental Build of configuration Debug for project trabajopractico1 ****
Info: Internal Builder is used for build
gcc -o trabajopractico1.exe "src\\bibliotecaTP1.o" "src\\descuento_aumento.o" "src\\ingreso_de_datos.o" "src\\main.o" 
14:23:42 **** Incremental Build of configuration Debug for project trabajopractico1 ****
Info: Internal Builder is used for build
gcc -O0 -g3 -Wall -c -fmessage-length=0 -o "src\\main.o" "..\\src\\main.c" 
gcc -o trabajopractico1.exe "src\\bibliotecaTP1.o" "src\\descuento_aumento.o" "src\\ingreso_de_datos.o" "src\\main.o" 
c:/mingw/bin/../lib/gcc/mingw32/6.3.0/../../../../mingw32/bin/ld.exe: cannot open output file trabajopractico1.exe: Permission denied
collect2.exe: error: ld devolvió el estado de salida 1
14:23:43 **** Incremental Build of configuration Debug for project trabajopractico1 ****
Info: Internal Builder is used for build
gcc -o trabajopractico1.exe "src\\bibliotecaTP1.o" "src\\descuento_aumento.o" "src\\ingreso_de_datos.o" "src\\main.o" 
14:25:54 **** Incremental Build of configuration Debug for project trabajopractico1 ****
Info: Internal Builder is used for build
gcc -O0 -g3 -Wall -c -fmessage-length=0 -o "src\\main.o" "..\\src\\main.c" 
gcc -o trabajopractico1.exe "src\\bibliotecaTP1.o" "src\\descuento_aumento.o" "src\\ingreso_de_datos.o" "src\\main.o" 
c:/mingw/bin/../lib/gcc/mingw32/6.3.0/../../../../mingw32/bin/ld.exe: cannot open output file trabajopractico1.exe: Permission denied
collect2.exe: error: ld devolvió el estado de salida 1
14:25:56 **** Incremental Build of configuration Debug for project trabajopractico1 ****
Info: Internal Builder is used for build
gcc -o trabajopractico1.exe "src\\bibliotecaTP1.o" "src\\descuento_aumento.o" "src\\ingreso_de_datos.o" "src\\main.o" 
14:26:34 **** Incremental Build of configuration Debug for project trabajopractico1 ****
Info: Internal Builder is used for build
gcc -O0 -g3 -Wall -c -fmessage-length=0 -o "src\\main.o" "..\\src\\main.c" 
gcc -o trabajopractico1.exe "src\\bibliotecaTP1.o" "src\\descuento_aumento.o" "src\\ingreso_de_datos.o" "src\\main.o" 
Info: Nothing to build for trabajopractico1
14:26:50 **** Incremental Build of configuration Debug for project trabajopractico1 ****
Info: Internal Builder is used for build
gcc -O0 -g3 -Wall -c -fmessage-length=0 -o "src\\main.o" "..\\src\\main.c" 
gcc -o trabajopractico1.exe "src\\bibliotecaTP1.o" "src\\descuento_aumento.o" "src\\ingreso_de_datos.o" "src\\main.o" 
c:/mingw/bin/../lib/gcc/mingw32/6.3.0/../../../../mingw32/bin/ld.exe: cannot open output file trabajopractico1.exe: Permission denied
collect2.exe: error: ld devolvió el estado de salida 1
14:26:51 **** Incremental Build of configuration Debug for project trabajopractico1 ****
Info: Internal Builder is used for build
gcc -o trabajopractico1.exe "src\\bibliotecaTP1.o" "src\\descuento_aumento.o" "src\\ingreso_de_datos.o" "src\\main.o" 
14:27:07 **** Incremental Build of configuration Debug for project trabajopractico1 ****
Info: Internal Builder is used for build
gcc -O0 -g3 -Wall -c -fmessage-length=0 -o "src\\main.o" "..\\src\\main.c" 
gcc -o trabajopractico1.exe "src\\bibliotecaTP1.o" "src\\descuento_aumento.o" "src\\ingreso_de_datos.o" "src\\main.o" 
c:/mingw/bin/../lib/gcc/mingw32/6.3.0/../../../../mingw32/bin/ld.exe: cannot open output file trabajopractico1.exe: Permission denied
collect2.exe: error: ld devolvió el estado de salida 1
14:27:08 **** Incremental Build of configuration Debug for project trabajopractico1 ****
Info: Internal Builder is used for build
gcc -o trabajopractico1.exe "src\\bibliotecaTP1.o" "src\\descuento_aumento.o" "src\\ingreso_de_datos.o" "src\\main.o" 
14:27:53 **** Incremental Build of configuration Debug for project trabajopractico1 ****
Info: Internal Builder is used for build
gcc -O0 -g3 -Wall -c -fmessage-length=0 -o "src\\main.o" "..\\src\\main.c" 
gcc -o trabajopractico1.exe "src\\bibliotecaTP1.o" "src\\descuento_aumento.o" "src\\ingreso_de_datos.o" "src\\main.o" 
Info: Nothing to build for trabajopractico1
14:28:10 **** Incremental Build of configuration Debug for project trabajopractico1 ****
Info: Internal Builder is used for build
gcc -O0 -g3 -Wall -c -fmessage-length=0 -o "src\\main.o" "..\\src\\main.c" 
gcc -o trabajopractico1.exe "src\\bibliotecaTP1.o" "src\\descuento_aumento.o" "src\\ingreso_de_datos.o" "src\\main.o" 
Info: Nothing to build for trabajopractico1
14:28:33 **** Incremental Build of configuration Debug for project trabajopractico1 ****
Info: Internal Builder is used for build
gcc -O0 -g3 -Wall -c -fmessage-length=0 -o "src\\main.o" "..\\src\\main.c" 
gcc -o trabajopractico1.exe "src\\bibliotecaTP1.o" "src\\descuento_aumento.o" "src\\ingreso_de_datos.o" "src\\main.o" 
Info: Nothing to build for trabajopractico1
14:28:53 **** Incremental Build of configuration Debug for project trabajopractico1 ****
Info: Internal Builder is used for build
gcc -O0 -g3 -Wall -c -fmessage-length=0 -o "src\\main.o" "..\\src\\main.c" 
gcc -o trabajopractico1.exe "src\\bibliotecaTP1.o" "src\\descuento_aumento.o" "src\\ingreso_de_datos.o" "src\\main.o" 
Info: Nothing to build for trabajopractico1
Info: Nothing to build for trabajopractico1
14:29:19 **** Incremental Build of configuration Debug for project trabajopractico1 ****
Info: Internal Builder is used for build
gcc -O0 -g3 -Wall -c -fmessage-length=0 -o "src\\main.o" "..\\src\\main.c" 
gcc -o trabajopractico1.exe "src\\bibliotecaTP1.o" "src\\descuento_aumento.o" "src\\ingreso_de_datos.o" "src\\main.o" 
Info: Nothing to build for trabajopractico1
14:29:55 **** Incremental Build of configuration Debug for project trabajopractico1 ****
Info: Internal Builder is used for build
gcc -O0 -g3 -Wall -c -fmessage-length=0 -o "src\\main.o" "..\\src\\main.c" 
gcc -o trabajopractico1.exe "src\\bibliotecaTP1.o" "src\\descuento_aumento.o" "src\\ingreso_de_datos.o" "src\\main.o" 
Info: Nothing to build for trabajopractico1
14:30:10 **** Incremental Build of configuration Debug for project trabajopractico1 ****
Info: Internal Builder is used for build
gcc -O0 -g3 -Wall -c -fmessage-length=0 -o "src\\main.o" "..\\src\\main.c" 
gcc -o trabajopractico1.exe "src\\bibliotecaTP1.o" "src\\descuento_aumento.o" "src\\ingreso_de_datos.o" "src\\main.o" 
Info: Nothing to build for trabajopractico1
14:30:55 **** Incremental Build of configuration Debug for project trabajopractico1 ****
Info: Internal Builder is used for build
gcc -O0 -g3 -Wall -c -fmessage-length=0 -o "src\\main.o" "..\\src\\main.c" 
gcc -o trabajopractico1.exe "src\\bibliotecaTP1.o" "src\\descuento_aumento.o" "src\\ingreso_de_datos.o" "src\\main.o" 
Info: Nothing to build for trabajopractico1
14:31:30 **** Incremental Build of configuration Debug for project trabajopractico1 ****
Info: Internal Builder is used for build
gcc -O0 -g3 -Wall -c -fmessage-length=0 -o "src\\main.o" "..\\src\\main.c" 
gcc -o trabajopractico1.exe "src\\bibliotecaTP1.o" "src\\descuento_aumento.o" "src\\ingreso_de_datos.o" "src\\main.o" 
c:/mingw/bin/../lib/gcc/mingw32/6.3.0/../../../../mingw32/bin/ld.exe: cannot open output file trabajopractico1.exe: Permission denied
collect2.exe: error: ld devolvió el estado de salida 1
14:31:31 **** Incremental Build of configuration Debug for project trabajopractico1 ****
Info: Internal Builder is used for build
gcc -o trabajopractico1.exe "src\\bibliotecaTP1.o" "src\\descuento_aumento.o" "src\\ingreso_de_datos.o" "src\\main.o" 
14:31:54 **** Incremental Build of configuration Debug for project trabajopractico1 ****
Info: Internal Builder is used for build
gcc -O0 -g3 -Wall -c -fmessage-length=0 -o "src\\main.o" "..\\src\\main.c" 
gcc -o trabajopractico1.exe "src\\bibliotecaTP1.o" "src\\descuento_aumento.o" "src\\ingreso_de_datos.o" "src\\main.o" 
Info: Nothing to build for trabajopractico1
14:32:43 **** Incremental Build of configuration Debug for project trabajopractico1 ****
Info: Internal Builder is used for build
gcc -O0 -g3 -Wall -c -fmessage-length=0 -o "src\\main.o" "..\\src\\main.c" 
gcc -o trabajopractico1.exe "src\\bibliotecaTP1.o" "src\\descuento_aumento.o" "src\\ingreso_de_datos.o" "src\\main.o" 
Info: Nothing to build for trabajopractico1
14:33:48 **** Incremental Build of configuration Debug for project trabajopractico1 ****
Info: Internal Builder is used for build
gcc -O0 -g3 -Wall -c -fmessage-length=0 -o "src\\main.o" "..\\src\\main.c" 
gcc -o trabajopractico1.exe "src\\bibliotecaTP1.o" "src\\descuento_aumento.o" "src\\ingreso_de_datos.o" "src\\main.o" 
Info: Nothing to build for trabajopractico1
21:10:17 **** Rebuild of configuration Debug for project trabajopractico1 ****
Info: Internal Builder is used for build
gcc -O0 -g3 -Wall -c -fmessage-length=0 -o "src\\main.o" "..\\src\\main.c" 
..\src\main.c: En la función 'main':
..\src\main.c:63:24: aviso: declaración implícita de la función 'calcularUnitario' [-Wimplicit-function-declaration]
      precioUnitarioY = calcularUnitario(precioAero, kilometros);
                        ^~~~~~~~~~~~~~~~
..\src\main.c:70:25: aviso: declaración implícita de la función 'calcularDiferencia' [-Wimplicit-function-declaration]
      precioDiferencia = calcularDiferencia(precioAero, precioLatam);
                         ^~~~~~~~~~~~~~~~~~
gcc -O0 -g3 -Wall -c -fmessage-length=0 -o "src\\bibliotecaTP1.o" "..\\src\\bibliotecaTP1.c" 
gcc -O0 -g3 -Wall -c -fmessage-length=0 -o "src\\descuento_aumento.o" "..\\src\\descuento_aumento.c" 
gcc -O0 -g3 -Wall -c -fmessage-length=0 -o "src\\operaciones_numericas.o" "..\\src\\operaciones_numericas.c" 
gcc -O0 -g3 -Wall -c -fmessage-length=0 -o "src\\ingreso_de_datos.o" "..\\src\\ingreso_de_datos.c" 
gcc -o trabajopractico1.exe "src\\bibliotecaTP1.o" "src\\descuento_aumento.o" "src\\ingreso_de_datos.o" "src\\main.o" "src\\operaciones_numericas.o" 
src\main.o: In function `main':
C:\Users\DESKTOP\Desktop\tps_laboratorio_1\TP_1\trabajopractico1\Debug/../src/main.c:63: undefined reference to `calcularUnitario'
C:\Users\DESKTOP\Desktop\tps_laboratorio_1\TP_1\trabajopractico1\Debug/../src/main.c:68: undefined reference to `calcularUnitario'
C:\Users\DESKTOP\Desktop\tps_laboratorio_1\TP_1\trabajopractico1\Debug/../src/main.c:95: undefined reference to `calcularUnitario'
C:\Users\DESKTOP\Desktop\tps_laboratorio_1\TP_1\trabajopractico1\Debug/../src/main.c:100: undefined reference to `calcularUnitario'
collect2.exe: error: ld devolvió el estado de salida 1
21:10:20 **** Incremental Build of configuration Debug for project trabajopractico1 ****
Info: Internal Builder is used for build
gcc -o trabajopractico1.exe "src\\bibliotecaTP1.o" "src\\descuento_aumento.o" "src\\ingreso_de_datos.o" "src\\main.o" "src\\operaciones_numericas.o" 
src\main.o: In function `main':
C:\Users\DESKTOP\Desktop\tps_laboratorio_1\TP_1\trabajopractico1\Debug/../src/main.c:63: undefined reference to `calcularUnitario'
C:\Users\DESKTOP\Desktop\tps_laboratorio_1\TP_1\trabajopractico1\Debug/../src/main.c:68: undefined reference to `calcularUnitario'
C:\Users\DESKTOP\Desktop\tps_laboratorio_1\TP_1\trabajopractico1\Debug/../src/main.c:95: undefined reference to `calcularUnitario'
C:\Users\DESKTOP\Desktop\tps_laboratorio_1\TP_1\trabajopractico1\Debug/../src/main.c:100: undefined reference to `calcularUnitario'
collect2.exe: error: ld devolvió el estado de salida 1
21:17:53 **** Incremental Build of configuration Debug for project trabajopractico1 ****
Info: Internal Builder is used for build
gcc -O0 -g3 -Wall -c -fmessage-length=0 -o "src\\main.o" "..\\src\\main.c" 
..\src\main.c: En la función 'main':
..\src\main.c:63:24: aviso: declaración implícita de la función 'dividir' [-Wimplicit-function-declaration]
      precioUnitarioY = dividir(precioAero, kilometros);
                        ^~~~~~~
..\src\main.c:70:25: aviso: declaración implícita de la función 'calcularDiferencia' [-Wimplicit-function-declaration]
      precioDiferencia = calcularDiferencia(precioAero, precioLatam);
                         ^~~~~~~~~~~~~~~~~~
gcc -o trabajopractico1.exe "src\\bibliotecaTP1.o" "src\\descuento_aumento.o" "src\\ingreso_de_datos.o" "src\\main.o" "src\\operaciones_numericas.o" 
21:18:28 **** Incremental Build of configuration Debug for project trabajopractico1 ****
Info: Internal Builder is used for build
gcc -O0 -g3 -Wall -c -fmessage-length=0 -o "src\\main.o" "..\\src\\main.c" 
gcc -o trabajopractico1.exe "src\\bibliotecaTP1.o" "src\\descuento_aumento.o" "src\\ingreso_de_datos.o" "src\\main.o" "src\\operaciones_numericas.o" 
Info: Nothing to build for trabajopractico1
11:44:03 **** Incremental Build of configuration Debug for project trabajopractico1 ****
Info: Internal Builder is used for build
gcc -O0 -g3 -Wall -c -fmessage-length=0 -o "src\\main.o" "..\\src\\main.c" 
gcc -O0 -g3 -Wall -c -fmessage-length=0 -o "src\\ingreso_de_datos.o" "..\\src\\ingreso_de_datos.c" 
..\src\ingreso_de_datos.c: En la función 'get_Caracter':
..\src\ingreso_de_datos.c:33:48: aviso: el paso del argumento 1 de 'strlen' crea un puntero desde un entero sin una conversión [-Wint-conversion]
   if(isalpha(caracterIngresado) != 0 || strlen(caracterIngresado) > 1)
                                                ^~~~~~~~~~~~~~~~~
In file included from ..\src\ingreso_de_datos.c:8:0:
c:\mingw\include\string.h:83:41: nota: se esperaba 'const char *' pero el argumento es de tipo 'char'
 _CRTIMP __cdecl __MINGW_NOTHROW  size_t strlen (const char *) __MINGW_ATTRIB_PURE;
                                         ^~~~~~
gcc -o trabajopractico1.exe "src\\bibliotecaTP1.o" "src\\descuento_aumento.o" "src\\ingreso_de_datos.o" "src\\main.o" "src\\operaciones_numericas.o" 
Info: Nothing to build for trabajopractico1
Info: Nothing to build for trabajopractico1
11:49:46 **** Incremental Build of configuration Debug for project trabajopractico1 ****
Info: Internal Builder is used for build
gcc -O0 -g3 -Wall -c -fmessage-length=0 -o "src\\ingreso_de_datos.o" "..\\src\\ingreso_de_datos.c" 
gcc -O0 -g3 -Wall -c -fmessage-length=0 -o "src\\main.o" "..\\src\\main.c" 
gcc -o trabajopractico1.exe "src\\bibliotecaTP1.o" "src\\descuento_aumento.o" "src\\ingreso_de_datos.o" "src\\main.o" "src\\operaciones_numericas.o" 
Info: Nothing to build for trabajopractico1
11:50:23 **** Incremental Build of configuration Debug for project trabajopractico1 ****
Info: Internal Builder is used for build
gcc -O0 -g3 -Wall -c -fmessage-length=0 -o "src\\main.o" "..\\src\\main.c" 
gcc -o trabajopractico1.exe "src\\bibliotecaTP1.o" "src\\descuento_aumento.o" "src\\ingreso_de_datos.o" "src\\main.o" "src\\operaciones_numericas.o" 
Info: Nothing to build for trabajopractico1
11:50:39 **** Incremental Build of configuration Debug for project trabajopractico1 ****
Info: Internal Builder is used for build
gcc -O0 -g3 -Wall -c -fmessage-length=0 -o "src\\main.o" "..\\src\\main.c" 
gcc -o trabajopractico1.exe "src\\bibliotecaTP1.o" "src\\descuento_aumento.o" "src\\ingreso_de_datos.o" "src\\main.o" "src\\operaciones_numericas.o" 
c:/mingw/bin/../lib/gcc/mingw32/6.3.0/../../../../mingw32/bin/ld.exe: cannot open output file trabajopractico1.exe: Permission denied
collect2.exe: error: ld devolvió el estado de salida 1
11:50:45 **** Incremental Build of configuration Debug for project trabajopractico1 ****
Info: Internal Builder is used for build
gcc -o trabajopractico1.exe "src\\bibliotecaTP1.o" "src\\descuento_aumento.o" "src\\ingreso_de_datos.o" "src\\main.o" "src\\operaciones_numericas.o" 
Info: Nothing to build for trabajopractico1
11:51:05 **** Incremental Build of configuration Debug for project trabajopractico1 ****
Info: Internal Builder is used for build
gcc -O0 -g3 -Wall -c -fmessage-length=0 -o "src\\main.o" "..\\src\\main.c" 
gcc -o trabajopractico1.exe "src\\bibliotecaTP1.o" "src\\descuento_aumento.o" "src\\ingreso_de_datos.o" "src\\main.o" "src\\operaciones_numericas.o" 
c:/mingw/bin/../lib/gcc/mingw32/6.3.0/../../../../mingw32/bin/ld.exe: cannot open output file trabajopractico1.exe: Permission denied
collect2.exe: error: ld devolvió el estado de salida 1
11:51:07 **** Incremental Build of configuration Debug for project trabajopractico1 ****
Info: Internal Builder is used for build
gcc -o trabajopractico1.exe "src\\bibliotecaTP1.o" "src\\descuento_aumento.o" "src\\ingreso_de_datos.o" "src\\main.o" "src\\operaciones_numericas.o" 
11:51:47 **** Incremental Build of configuration Debug for project trabajopractico1 ****
Info: Internal Builder is used for build
gcc -O0 -g3 -Wall -c -fmessage-length=0 -o "src\\main.o" "..\\src\\main.c" 
gcc -o trabajopractico1.exe "src\\bibliotecaTP1.o" "src\\descuento_aumento.o" "src\\ingreso_de_datos.o" "src\\main.o" "src\\operaciones_numericas.o" 
c:/mingw/bin/../lib/gcc/mingw32/6.3.0/../../../../mingw32/bin/ld.exe: cannot open output file trabajopractico1.exe: Permission denied
collect2.exe: error: ld devolvió el estado de salida 1
11:51:48 **** Incremental Build of configuration Debug for project trabajopractico1 ****
Info: Internal Builder is used for build
gcc -o trabajopractico1.exe "src\\bibliotecaTP1.o" "src\\descuento_aumento.o" "src\\ingreso_de_datos.o" "src\\main.o" "src\\operaciones_numericas.o" 
11:52:58 **** Incremental Build of configuration Debug for project trabajopractico1 ****
Info: Internal Builder is used for build
gcc -O0 -g3 -Wall -c -fmessage-length=0 -o "src\\ingreso_de_datos.o" "..\\src\\ingreso_de_datos.c" 
gcc -o trabajopractico1.exe "src\\bibliotecaTP1.o" "src\\descuento_aumento.o" "src\\ingreso_de_datos.o" "src\\main.o" "src\\operaciones_numericas.o" 
c:/mingw/bin/../lib/gcc/mingw32/6.3.0/../../../../mingw32/bin/ld.exe: cannot open output file trabajopractico1.exe: Permission denied
collect2.exe: error: ld devolvió el estado de salida 1
11:53:00 **** Incremental Build of configuration Debug for project trabajopractico1 ****
Info: Internal Builder is used for build
gcc -o trabajopractico1.exe "src\\bibliotecaTP1.o" "src\\descuento_aumento.o" "src\\ingreso_de_datos.o" "src\\main.o" "src\\operaciones_numericas.o" 
11:53:25 **** Incremental Build of configuration Debug for project trabajopractico1 ****
Info: Internal Builder is used for build
gcc -O0 -g3 -Wall -c -fmessage-length=0 -o "src\\main.o" "..\\src\\main.c" 
gcc -o trabajopractico1.exe "src\\bibliotecaTP1.o" "src\\descuento_aumento.o" "src\\ingreso_de_datos.o" "src\\main.o" "src\\operaciones_numericas.o" 
c:/mingw/bin/../lib/gcc/mingw32/6.3.0/../../../../mingw32/bin/ld.exe: cannot open output file trabajopractico1.exe: Permission denied
collect2.exe: error: ld devolvió el estado de salida 1
11:53:27 **** Incremental Build of configuration Debug for project trabajopractico1 ****
Info: Internal Builder is used for build
gcc -o trabajopractico1.exe "src\\bibliotecaTP1.o" "src\\descuento_aumento.o" "src\\ingreso_de_datos.o" "src\\main.o" "src\\operaciones_numericas.o" 
Info: Nothing to build for trabajopractico1
11:54:44 **** Incremental Build of configuration Debug for project trabajopractico1 ****
Info: Internal Builder is used for build
gcc -O0 -g3 -Wall -c -fmessage-length=0 -o "src\\main.o" "..\\src\\main.c" 
gcc -o trabajopractico1.exe "src\\bibliotecaTP1.o" "src\\descuento_aumento.o" "src\\ingreso_de_datos.o" "src\\main.o" "src\\operaciones_numericas.o" 
Info: Nothing to build for trabajopractico1
11:55:49 **** Incremental Build of configuration Debug for project trabajopractico1 ****
Info: Internal Builder is used for build
gcc -O0 -g3 -Wall -c -fmessage-length=0 -o "src\\main.o" "..\\src\\main.c" 
gcc -o trabajopractico1.exe "src\\bibliotecaTP1.o" "src\\descuento_aumento.o" "src\\ingreso_de_datos.o" "src\\main.o" "src\\operaciones_numericas.o" 
Info: Nothing to build for trabajopractico1
Info: Nothing to build for trabajopractico1
Info: Nothing to build for trabajopractico1
Info: Nothing to build for trabajopractico1
Info: Nothing to build for trabajopractico1
Info: Nothing to build for trabajopractico1
11:56:08 **** Incremental Build of configuration Debug for project trabajopractico1 ****
Info: Internal Builder is used for build
gcc -O0 -g3 -Wall -c -fmessage-length=0 -o "src\\main.o" "..\\src\\main.c" 
gcc -o trabajopractico1.exe "src\\bibliotecaTP1.o" "src\\descuento_aumento.o" "src\\ingreso_de_datos.o" "src\\main.o" "src\\operaciones_numericas.o" 
Info: Nothing to build for trabajopractico1
11:56:24 **** Incremental Build of configuration Debug for project trabajopractico1 ****
Info: Internal Builder is used for build
gcc -O0 -g3 -Wall -c -fmessage-length=0 -o "src\\main.o" "..\\src\\main.c" 
gcc -o trabajopractico1.exe "src\\bibliotecaTP1.o" "src\\descuento_aumento.o" "src\\ingreso_de_datos.o" "src\\main.o" "src\\operaciones_numericas.o" 
Info: Nothing to build for trabajopractico1
Info: Nothing to build for trabajopractico1
11:58:02 **** Incremental Build of configuration Debug for project trabajopractico1 ****
Info: Internal Builder is used for build
gcc -O0 -g3 -Wall -c -fmessage-length=0 -o "src\\bibliotecaTP1.o" "..\\src\\bibliotecaTP1.c" 
gcc -o trabajopractico1.exe "src\\bibliotecaTP1.o" "src\\descuento_aumento.o" "src\\ingreso_de_datos.o" "src\\main.o" "src\\operaciones_numericas.o" 
c:/mingw/bin/../lib/gcc/mingw32/6.3.0/../../../../mingw32/bin/ld.exe: cannot open output file trabajopractico1.exe: Permission denied
collect2.exe: error: ld devolvió el estado de salida 1
11:58:03 **** Incremental Build of configuration Debug for project trabajopractico1 ****
Info: Internal Builder is used for build
gcc -o trabajopractico1.exe "src\\bibliotecaTP1.o" "src\\descuento_aumento.o" "src\\ingreso_de_datos.o" "src\\main.o" "src\\operaciones_numericas.o" 
11:59:23 **** Incremental Build of configuration Debug for project trabajopractico1 ****
Info: Internal Builder is used for build
gcc -O0 -g3 -Wall -c -fmessage-length=0 -o "src\\main.o" "..\\src\\main.c" 
gcc -o trabajopractico1.exe "src\\bibliotecaTP1.o" "src\\descuento_aumento.o" "src\\ingreso_de_datos.o" "src\\main.o" "src\\operaciones_numericas.o" 
Info: Nothing to build for trabajopractico1
12:18:05 **** Incremental Build of configuration Debug for project trabajopractico1 ****
Info: Internal Builder is used for build
gcc -O0 -g3 -Wall -c -fmessage-length=0 -o "src\\main.o" "..\\src\\main.c" 
gcc -O0 -g3 -Wall -c -fmessage-length=0 -o "src\\operaciones_aritmeticas.o" "..\\src\\operaciones_aritmeticas.c" 
gcc -O0 -g3 -Wall -c -fmessage-length=0 -o "src\\bibliotecaTP1.o" "..\\src\\bibliotecaTP1.c" 
..\src\bibliotecaTP1.c: En la función 'mostrarCalculos':
..\src\bibliotecaTP1.c:19:84: error: 'x' no se declaró aquí (primer uso en esta función)
  printf("\n------------------------------------------\nKMs Ingresados: %.2f km\n", x);
                                                                                    ^
..\src\bibliotecaTP1.c:19:84: nota: cada identificador sin declarar se reporta sólo una vez para cada función en el que aparece
..\src\bibliotecaTP1.c:20:40: error: 'y' no se declaró aquí (primer uso en esta función)
  printf("\nPrecio Aerolíneas: $ %.2f", y);
                                        ^
..\src\bibliotecaTP1.c:26:35: error: 'z' no se declaró aquí (primer uso en esta función)
  printf("\nPrecio Latam: $ %.2f", z);
                                   ^
12:18:33 **** Incremental Build of configuration Debug for project trabajopractico1 ****
Info: Internal Builder is used for build
gcc -O0 -g3 -Wall -c -fmessage-length=0 -o "src\\bibliotecaTP1.o" "..\\src\\bibliotecaTP1.c" 
gcc -o trabajopractico1.exe "src\\bibliotecaTP1.o" "src\\ingreso_de_datos.o" "src\\main.o" "src\\operaciones_aritmeticas.o" 
Info: Nothing to build for trabajopractico1
12:18:52 **** Incremental Build of configuration Debug for project trabajopractico1 ****
Info: Internal Builder is used for build
gcc -O0 -g3 -Wall -c -fmessage-length=0 -o "src\\bibliotecaTP1.o" "..\\src\\bibliotecaTP1.c" 
gcc -o trabajopractico1.exe "src\\bibliotecaTP1.o" "src\\ingreso_de_datos.o" "src\\main.o" "src\\operaciones_aritmeticas.o" 
Info: Nothing to build for trabajopractico1
12:19:02 **** Incremental Build of configuration Debug for project trabajopractico1 ****
Info: Internal Builder is used for build
gcc -O0 -g3 -Wall -c -fmessage-length=0 -o "src\\bibliotecaTP1.o" "..\\src\\bibliotecaTP1.c" 
gcc -o trabajopractico1.exe "src\\bibliotecaTP1.o" "src\\ingreso_de_datos.o" "src\\main.o" "src\\operaciones_aritmeticas.o" 
c:/mingw/bin/../lib/gcc/mingw32/6.3.0/../../../../mingw32/bin/ld.exe: cannot open output file trabajopractico1.exe: Permission denied
collect2.exe: error: ld devolvió el estado de salida 1
12:19:04 **** Incremental Build of configuration Debug for project trabajopractico1 ****
Info: Internal Builder is used for build
gcc -o trabajopractico1.exe "src\\bibliotecaTP1.o" "src\\ingreso_de_datos.o" "src\\main.o" "src\\operaciones_aritmeticas.o" 
Info: Nothing to build for trabajopractico1
13:31:09 **** Incremental Build of configuration Debug for project trabajopractico1 ****
Info: Internal Builder is used for build
gcc -O0 -g3 -Wall -c -fmessage-length=0 -o "src\\main.o" "..\\src\\main.c" 
..\src\main.c: En la función 'main':
..\src\main.c:61:23: aviso: declaración implícita de la función 'pesosABitcoin' [-Wimplicit-function-declaration]
      precioBitcoinY = pesosABitcoin(precioAero, BTC);
                       ^~~~~~~~~~~~~
gcc -O0 -g3 -Wall -c -fmessage-length=0 -o "src\\bibliotecaTP1.o" "..\\src\\bibliotecaTP1.c" 
gcc -o trabajopractico1.exe "src\\bibliotecaTP1.o" "src\\ingreso_de_datos.o" "src\\main.o" "src\\operaciones_aritmeticas.o" 
c:/mingw/bin/../lib/gcc/mingw32/6.3.0/../../../../mingw32/bin/ld.exe: cannot open output file trabajopractico1.exe: Permission denied
collect2.exe: error: ld devolvió el estado de salida 1
13:31:34 **** Incremental Build of configuration Debug for project trabajopractico1 ****
Info: Internal Builder is used for build
gcc -O0 -g3 -Wall -c -fmessage-length=0 -o "src\\main.o" "..\\src\\main.c" 
gcc -o trabajopractico1.exe "src\\bibliotecaTP1.o" "src\\ingreso_de_datos.o" "src\\main.o" "src\\operaciones_aritmeticas.o" 
c:/mingw/bin/../lib/gcc/mingw32/6.3.0/../../../../mingw32/bin/ld.exe: cannot open output file trabajopractico1.exe: Permission denied
collect2.exe: error: ld devolvió el estado de salida 1
13:31:36 **** Incremental Build of configuration Debug for project trabajopractico1 ****
Info: Internal Builder is used for build
gcc -o trabajopractico1.exe "src\\bibliotecaTP1.o" "src\\ingreso_de_datos.o" "src\\main.o" "src\\operaciones_aritmeticas.o" 
12:11:17 **** Incremental Build of configuration Debug for project trabajopractico1 ****
Info: Internal Builder is used for build
gcc -O0 -g3 -Wall -c -fmessage-length=0 -o "src\\main.o" "..\\src\\main.c" 
gcc -O0 -g3 -Wall -c -fmessage-length=0 -o "src\\ingreso_de_datos.o" "..\\src\\ingreso_de_datos.c" 
gcc -o trabajopractico1.exe "src\\bibliotecaTP1.o" "src\\ingreso_de_datos.o" "src\\main.o" "src\\operaciones_aritmeticas.o" 
Info: Nothing to build for trabajopractico1
12:12:32 **** Incremental Build of configuration Debug for project trabajopractico1 ****
Info: Internal Builder is used for build
gcc -O0 -g3 -Wall -c -fmessage-length=0 -o "src\\bibliotecaTP1.o" "..\\src\\bibliotecaTP1.c" 
..\src\bibliotecaTP1.c:4:31: error: both 'unsigned' and 'float' in declaration specifiers
 void mostrarCalculos(unsigned float km, unsigned float precioAero, unsigned float precioLatam, float a_Aero, float a_Latam, float b_Aero, float b_Latam, double c_Aero, double c_Latam, float d_Aero, float d_Latam, float dif){
                               ^~~~~
..\src\bibliotecaTP1.c:4:50: error: both 'unsigned' and 'float' in declaration specifiers
 void mostrarCalculos(unsigned float km, unsigned float precioAero, unsigned float precioLatam, float a_Aero, float a_Latam, float b_Aero, float b_Latam, double c_Aero, double c_Latam, float d_Aero, float d_Latam, float dif){
                                                  ^~~~~
..\src\bibliotecaTP1.c:4:77: error: both 'unsigned' and 'float' in declaration specifiers
 void mostrarCalculos(unsigned float km, unsigned float precioAero, unsigned float precioLatam, float a_Aero, float a_Latam, float b_Aero, float b_Latam, double c_Aero, double c_Latam, float d_Aero, float d_Latam, float dif){
                                                                             ^~~~~
..\src\bibliotecaTP1.c: En la función 'mostrarCalculos':
..\src\bibliotecaTP1.c:6:73: aviso: formato '%f' espera un argumento de tipo 'double', pero el argumento 2 es de tipo 'unsigned int' [-Wformat=]
  printf("------------------------------------------\nKMs Ingresados: %.2f km\n", km);
                                                                         ^
..\src\bibliotecaTP1.c:7:36: aviso: formato '%f' espera un argumento de tipo 'double', pero el argumento 2 es de tipo 'unsigned int' [-Wformat=]
  printf("\nPrecio Aerolíneas: $ %.2f", precioAero);
                                    ^
..\src\bibliotecaTP1.c:13:31: aviso: formato '%f' espera un argumento de tipo 'double', pero el argumento 2 es de tipo 'unsigned int' [-Wformat=]
  printf("\nPrecio Latam: $ %.2f", precioLatam);
                               ^
12:12:36 **** Incremental Build of configuration Debug for project trabajopractico1 ****
Info: Internal Builder is used for build
gcc -O0 -g3 -Wall -c -fmessage-length=0 -o "src\\bibliotecaTP1.o" "..\\src\\bibliotecaTP1.c" 
..\src\bibliotecaTP1.c:4:31: error: both 'unsigned' and 'float' in declaration specifiers
 void mostrarCalculos(unsigned float km, unsigned float precioAero, unsigned float precioLatam, float a_Aero, float a_Latam, float b_Aero, float b_Latam, double c_Aero, double c_Latam, float d_Aero, float d_Latam, float dif){
                               ^~~~~
..\src\bibliotecaTP1.c:4:50: error: both 'unsigned' and 'float' in declaration specifiers
 void mostrarCalculos(unsigned float km, unsigned float precioAero, unsigned float precioLatam, float a_Aero, float a_Latam, float b_Aero, float b_Latam, double c_Aero, double c_Latam, float d_Aero, float d_Latam, float dif){
                                                  ^~~~~
..\src\bibliotecaTP1.c:4:77: error: both 'unsigned' and 'float' in declaration specifiers
 void mostrarCalculos(unsigned float km, unsigned float precioAero, unsigned float precioLatam, float a_Aero, float a_Latam, float b_Aero, float b_Latam, double c_Aero, double c_Latam, float d_Aero, float d_Latam, float dif){
                                                                             ^~~~~
..\src\bibliotecaTP1.c: En la función 'mostrarCalculos':
..\src\bibliotecaTP1.c:6:73: aviso: formato '%f' espera un argumento de tipo 'double', pero el argumento 2 es de tipo 'unsigned int' [-Wformat=]
  printf("------------------------------------------\nKMs Ingresados: %.2f km\n", km);
                                                                         ^
..\src\bibliotecaTP1.c:7:36: aviso: formato '%f' espera un argumento de tipo 'double', pero el argumento 2 es de tipo 'unsigned int' [-Wformat=]
  printf("\nPrecio Aerolíneas: $ %.2f", precioAero);
                                    ^
..\src\bibliotecaTP1.c:13:31: aviso: formato '%f' espera un argumento de tipo 'double', pero el argumento 2 es de tipo 'unsigned int' [-Wformat=]
  printf("\nPrecio Latam: $ %.2f", precioLatam);
                               ^
12:15:59 **** Incremental Build of configuration Debug for project trabajopractico1 ****
Info: Internal Builder is used for build
gcc -O0 -g3 -Wall -c -fmessage-length=0 -o "src\\bibliotecaTP1.o" "..\\src\\bibliotecaTP1.c" 
..\src\bibliotecaTP1.c:4:31: error: both 'unsigned' and 'float' in declaration specifiers
 void mostrarCalculos(unsigned float km, unsigned float precioAero, unsigned float precioLatam, float a_Aero, float a_Latam, float b_Aero, float b_Latam, double c_Aero, double c_Latam, float d_Aero, float d_Latam, float dif){
                               ^~~~~
..\src\bibliotecaTP1.c:4:50: error: both 'unsigned' and 'float' in declaration specifiers
 void mostrarCalculos(unsigned float km, unsigned float precioAero, unsigned float precioLatam, float a_Aero, float a_Latam, float b_Aero, float b_Latam, double c_Aero, double c_Latam, float d_Aero, float d_Latam, float dif){
                                                  ^~~~~
..\src\bibliotecaTP1.c:4:77: error: both 'unsigned' and 'float' in declaration specifiers
 void mostrarCalculos(unsigned float km, unsigned float precioAero, unsigned float precioLatam, float a_Aero, float a_Latam, float b_Aero, float b_Latam, double c_Aero, double c_Latam, float d_Aero, float d_Latam, float dif){
                                                                             ^~~~~
..\src\bibliotecaTP1.c: En la función 'mostrarCalculos':
..\src\bibliotecaTP1.c:6:74: aviso: formato '%lf' espera un argumento de tipo 'double', pero el argumento 2 es de tipo 'unsigned int' [-Wformat=]
  printf("------------------------------------------\nKMs Ingresados: %.2lf km\n", km);
                                                                          ^
..\src\bibliotecaTP1.c:7:37: aviso: formato '%lf' espera un argumento de tipo 'double', pero el argumento 2 es de tipo 'unsigned int' [-Wformat=]
  printf("\nPrecio Aerolíneas: $ %.2lf", precioAero);
                                     ^
..\src\bibliotecaTP1.c:13:32: aviso: formato '%lf' espera un argumento de tipo 'double', pero el argumento 2 es de tipo 'unsigned int' [-Wformat=]
  printf("\nPrecio Latam: $ %.2lf", precioLatam);
                                ^
12:16:01 **** Incremental Build of configuration Debug for project trabajopractico1 ****
Info: Internal Builder is used for build
gcc -O0 -g3 -Wall -c -fmessage-length=0 -o "src\\main.o" "..\\src\\main.c" 
In file included from ..\src\main.c:14:0:
..\src\ingreso_de_datos.h:11:10: error: both 'unsigned' and 'float' in declaration specifiers
 unsigned float get_FlotantePositivo(char * mensaje, char * mensajeError);
          ^~~~~
..\src\main.c: En la función 'main':
..\src\main.c:24:11: error: both 'unsigned' and 'float' in declaration specifiers
  unsigned float kilometros, precioAero, precioLatam;
           ^~~~~
12:17:09 **** Incremental Build of configuration Debug for project trabajopractico1 ****
Info: Internal Builder is used for build
gcc -O0 -g3 -Wall -c -fmessage-length=0 -o "src\\bibliotecaTP1.o" "..\\src\\bibliotecaTP1.c" 
gcc -O0 -g3 -Wall -c -fmessage-length=0 -o "src\\main.o" "..\\src\\main.c" 
gcc -o trabajopractico1.exe "src\\bibliotecaTP1.o" "src\\ingreso_de_datos.o" "src\\main.o" "src\\operaciones_aritmeticas.o" 
Info: Nothing to build for trabajopractico1
